<?xml version="1.0" encoding="UTF-8"?>
<!-- Generated by org.testng.reporters.JUnitXMLReporter -->
<testsuite ignored="0" hostname="Nesquik" failures="0" tests="5" name="Surefire test" time="39.032" errors="0" timestamp="2023-11-22T20:25:23 ART">
  <testcase classname="tests.ServicesTest" name="testFilm2ForPeople2" time="12.983"/>
  <testcase classname="tests.ServicesTest" name="testGetFilms7" time="2.009"/>
  <testcase classname="tests.ServicesTest" name="testGetPeople2" time="2.904"/>
  <testcase classname="tests.ServicesTest" name="testPlanetFromFilm2" time="8.123"/>
  <testcase classname="tests.ServicesTest" name="testPlanetFromFilm2Bis" time="10.147"/>
</testsuite> <!-- Surefire test -->
