<?xml version="1.0" encoding="UTF-8"?>
<testsuite xmlns:xsi="http://www.w3.org/2001/XMLSchema-instance" xsi:noNamespaceSchemaLocation="https://maven.apache.org/surefire/maven-surefire-plugin/xsd/surefire-test-report-3.0.xsd" version="3.0" name="tests.ServicesTest" time="42.737" tests="5" errors="0" skipped="0" failures="0">
  <properties>
[...]
</properties>
  <testcase name="testFilm2ForPeople2" classname="tests.ServicesTest" time="13.01">
    <system-err><![CDATA[SLF4J: Failed to load class "org.slf4j.impl.StaticLoggerBinder".
SLF4J: Defaulting to no-operation (NOP) logger implementation
SLF4J: See http://www.slf4j.org/codes.html#StaticLoggerBinder for further details.
]]></system-err>
  </testcase>
  <testcase name="testGetFilms7" classname="tests.ServicesTest" time="2.001"/>
  <testcase name="testGetPeople2" classname="tests.ServicesTest" time="2.896"/>
  <testcase name="testPlanetFromFilm2" classname="tests.ServicesTest" time="8.141"/>
  <testcase name="testPlanetFromFilm2Bis" classname="tests.ServicesTest" time="10.134"/>
</testsuite>